2014-03-07 14:12:21,600 - Log4JLogChute initialized using file 'velocity.log'
2014-03-07 14:12:21,600 - Initializing Velocity, Calling init()...
2014-03-07 14:12:21,600 - Starting Apache Velocity v1.7 (compiled: 2010-11-19 12:14:37)
2014-03-07 14:12:21,600 - Default Properties File: org/apache/velocity/runtime/defaults/velocity.properties
2014-03-07 14:12:21,600 - Trying to use logger class org.apache.velocity.runtime.log.AvalonLogChute
2014-03-07 14:12:21,600 - Target log system for org.apache.velocity.runtime.log.AvalonLogChute is not available (java.lang.NoClassDefFoundError: org/apache/log/format/Formatter).  Falling back to next log system...
2014-03-07 14:12:21,600 - Trying to use logger class org.apache.velocity.runtime.log.Log4JLogChute
2014-03-07 14:12:21,600 - Using logger class org.apache.velocity.runtime.log.Log4JLogChute
2014-03-07 14:12:21,647 - ResourceLoader instantiated: org.apache.velocity.runtime.resource.loader.FileResourceLoader
2014-03-07 14:12:21,654 - Do unicode file recognition:  false
2014-03-07 14:12:21,654 - FileResourceLoader : adding path '.'
2014-03-07 14:12:21,695 - ResourceCache: initialized (class org.apache.velocity.runtime.resource.ResourceCacheImpl) with class java.util.Collections$SynchronizedMap cache map.
2014-03-07 14:12:21,710 - Loaded System Directive: org.apache.velocity.runtime.directive.Stop
2014-03-07 14:12:21,727 - Loaded System Directive: org.apache.velocity.runtime.directive.Define
2014-03-07 14:12:21,730 - Loaded System Directive: org.apache.velocity.runtime.directive.Break
2014-03-07 14:12:21,730 - Loaded System Directive: org.apache.velocity.runtime.directive.Evaluate
2014-03-07 14:12:21,730 - Loaded System Directive: org.apache.velocity.runtime.directive.Literal
2014-03-07 14:12:21,731 - Loaded System Directive: org.apache.velocity.runtime.directive.Macro
2014-03-07 14:12:21,748 - Loaded System Directive: org.apache.velocity.runtime.directive.Parse
2014-03-07 14:12:21,756 - Loaded System Directive: org.apache.velocity.runtime.directive.Include
2014-03-07 14:12:21,756 - Loaded System Directive: org.apache.velocity.runtime.directive.Foreach
2014-03-07 14:12:21,844 - Created '20' parsers.
2014-03-07 14:12:21,863 - Velocimacro : "velocimacro.library" is not set.  Trying default library: VM_global_library.vm
2014-03-07 14:12:21,864 - Velocimacro : Default library not found.
2014-03-07 14:12:21,864 - Velocimacro : allowInline = true : VMs can be defined inline in templates
2014-03-07 14:12:21,864 - Velocimacro : allowInlineToOverride = false : VMs defined inline may NOT replace previous VM definitions
2014-03-07 14:12:21,864 - Velocimacro : allowInlineLocal = false : VMs defined inline will be global in scope if allowed.
2014-03-07 14:12:21,864 - Velocimacro : autoload off : VM system will not automatically reload global library macros
2014-03-07 14:13:31,781 - Log4JLogChute initialized using file 'velocity.log'
2014-03-07 14:13:31,785 - Initializing Velocity, Calling init()...
2014-03-07 14:13:31,785 - Starting Apache Velocity v1.7 (compiled: 2010-11-19 12:14:37)
2014-03-07 14:13:31,785 - Default Properties File: org/apache/velocity/runtime/defaults/velocity.properties
2014-03-07 14:13:31,785 - Trying to use logger class org.apache.velocity.runtime.log.AvalonLogChute
2014-03-07 14:13:31,785 - Target log system for org.apache.velocity.runtime.log.AvalonLogChute is not available (java.lang.NoClassDefFoundError: org/apache/log/format/Formatter).  Falling back to next log system...
2014-03-07 14:13:31,785 - Trying to use logger class org.apache.velocity.runtime.log.Log4JLogChute
2014-03-07 14:13:31,785 - Using logger class org.apache.velocity.runtime.log.Log4JLogChute
2014-03-07 14:13:31,793 - ResourceLoader instantiated: org.apache.velocity.runtime.resource.loader.FileResourceLoader
2014-03-07 14:13:31,801 - Do unicode file recognition:  false
2014-03-07 14:13:31,801 - FileResourceLoader : adding path '.'
2014-03-07 14:13:31,828 - ResourceCache: initialized (class org.apache.velocity.runtime.resource.ResourceCacheImpl) with class java.util.Collections$SynchronizedMap cache map.
2014-03-07 14:13:31,834 - Loaded System Directive: org.apache.velocity.runtime.directive.Stop
2014-03-07 14:13:31,834 - Loaded System Directive: org.apache.velocity.runtime.directive.Define
2014-03-07 14:13:31,840 - Loaded System Directive: org.apache.velocity.runtime.directive.Break
2014-03-07 14:13:31,841 - Loaded System Directive: org.apache.velocity.runtime.directive.Evaluate
2014-03-07 14:13:31,841 - Loaded System Directive: org.apache.velocity.runtime.directive.Literal
2014-03-07 14:13:31,846 - Loaded System Directive: org.apache.velocity.runtime.directive.Macro
2014-03-07 14:13:31,849 - Loaded System Directive: org.apache.velocity.runtime.directive.Parse
2014-03-07 14:13:31,850 - Loaded System Directive: org.apache.velocity.runtime.directive.Include
2014-03-07 14:13:31,860 - Loaded System Directive: org.apache.velocity.runtime.directive.Foreach
2014-03-07 14:13:31,925 - Created '20' parsers.
2014-03-07 14:13:31,939 - Velocimacro : "velocimacro.library" is not set.  Trying default library: VM_global_library.vm
2014-03-07 14:13:31,944 - Velocimacro : Default library not found.
2014-03-07 14:13:31,944 - Velocimacro : allowInline = true : VMs can be defined inline in templates
2014-03-07 14:13:31,944 - Velocimacro : allowInlineToOverride = false : VMs defined inline may NOT replace previous VM definitions
2014-03-07 14:13:31,944 - Velocimacro : allowInlineLocal = false : VMs defined inline will be global in scope if allowed.
2014-03-07 14:13:31,944 - Velocimacro : autoload off : VM system will not automatically reload global library macros
2014-03-07 14:14:29,028 - Log4JLogChute initialized using file 'velocity.log'
2014-03-07 14:14:29,028 - Initializing Velocity, Calling init()...
2014-03-07 14:14:29,028 - Starting Apache Velocity v1.7 (compiled: 2010-11-19 12:14:37)
2014-03-07 14:14:29,028 - Default Properties File: org/apache/velocity/runtime/defaults/velocity.properties
2014-03-07 14:14:29,028 - Trying to use logger class org.apache.velocity.runtime.log.AvalonLogChute
2014-03-07 14:14:29,028 - Target log system for org.apache.velocity.runtime.log.AvalonLogChute is not available (java.lang.NoClassDefFoundError: org/apache/log/format/Formatter).  Falling back to next log system...
2014-03-07 14:14:29,028 - Trying to use logger class org.apache.velocity.runtime.log.Log4JLogChute
2014-03-07 14:14:29,028 - Using logger class org.apache.velocity.runtime.log.Log4JLogChute
2014-03-07 14:14:29,039 - ResourceLoader instantiated: org.apache.velocity.runtime.resource.loader.FileResourceLoader
2014-03-07 14:14:29,045 - Do unicode file recognition:  false
2014-03-07 14:14:29,045 - FileResourceLoader : adding path '.'
2014-03-07 14:14:29,072 - ResourceCache: initialized (class org.apache.velocity.runtime.resource.ResourceCacheImpl) with class java.util.Collections$SynchronizedMap cache map.
2014-03-07 14:14:29,079 - Loaded System Directive: org.apache.velocity.runtime.directive.Stop
2014-03-07 14:14:29,080 - Loaded System Directive: org.apache.velocity.runtime.directive.Define
2014-03-07 14:14:29,080 - Loaded System Directive: org.apache.velocity.runtime.directive.Break
2014-03-07 14:14:29,081 - Loaded System Directive: org.apache.velocity.runtime.directive.Evaluate
2014-03-07 14:14:29,081 - Loaded System Directive: org.apache.velocity.runtime.directive.Literal
2014-03-07 14:14:29,082 - Loaded System Directive: org.apache.velocity.runtime.directive.Macro
2014-03-07 14:14:29,097 - Loaded System Directive: org.apache.velocity.runtime.directive.Parse
2014-03-07 14:14:29,098 - Loaded System Directive: org.apache.velocity.runtime.directive.Include
2014-03-07 14:14:29,099 - Loaded System Directive: org.apache.velocity.runtime.directive.Foreach
2014-03-07 14:14:29,176 - Created '20' parsers.
2014-03-07 14:14:29,198 - Velocimacro : "velocimacro.library" is not set.  Trying default library: VM_global_library.vm
2014-03-07 14:14:29,198 - Velocimacro : Default library not found.
2014-03-07 14:14:29,198 - Velocimacro : allowInline = true : VMs can be defined inline in templates
2014-03-07 14:14:29,198 - Velocimacro : allowInlineToOverride = false : VMs defined inline may NOT replace previous VM definitions
2014-03-07 14:14:29,198 - Velocimacro : allowInlineLocal = false : VMs defined inline will be global in scope if allowed.
2014-03-07 14:14:29,198 - Velocimacro : autoload off : VM system will not automatically reload global library macros
2014-03-07 14:14:36,222 - Log4JLogChute initialized using file 'velocity.log'
2014-03-07 14:14:36,227 - Initializing Velocity, Calling init()...
2014-03-07 14:14:36,227 - Starting Apache Velocity v1.7 (compiled: 2010-11-19 12:14:37)
2014-03-07 14:14:36,227 - Default Properties File: org/apache/velocity/runtime/defaults/velocity.properties
2014-03-07 14:14:36,227 - Trying to use logger class org.apache.velocity.runtime.log.AvalonLogChute
2014-03-07 14:14:36,227 - Target log system for org.apache.velocity.runtime.log.AvalonLogChute is not available (java.lang.NoClassDefFoundError: org/apache/log/format/Formatter).  Falling back to next log system...
2014-03-07 14:14:36,227 - Trying to use logger class org.apache.velocity.runtime.log.Log4JLogChute
2014-03-07 14:14:36,227 - Using logger class org.apache.velocity.runtime.log.Log4JLogChute
2014-03-07 14:14:36,235 - ResourceLoader instantiated: org.apache.velocity.runtime.resource.loader.FileResourceLoader
2014-03-07 14:14:36,238 - Do unicode file recognition:  false
2014-03-07 14:14:36,238 - FileResourceLoader : adding path '.'
2014-03-07 14:14:36,283 - ResourceCache: initialized (class org.apache.velocity.runtime.resource.ResourceCacheImpl) with class java.util.Collections$SynchronizedMap cache map.
2014-03-07 14:14:36,292 - Loaded System Directive: org.apache.velocity.runtime.directive.Stop
2014-03-07 14:14:36,293 - Loaded System Directive: org.apache.velocity.runtime.directive.Define
2014-03-07 14:14:36,293 - Loaded System Directive: org.apache.velocity.runtime.directive.Break
2014-03-07 14:14:36,297 - Loaded System Directive: org.apache.velocity.runtime.directive.Evaluate
2014-03-07 14:14:36,298 - Loaded System Directive: org.apache.velocity.runtime.directive.Literal
2014-03-07 14:14:36,299 - Loaded System Directive: org.apache.velocity.runtime.directive.Macro
2014-03-07 14:14:36,299 - Loaded System Directive: org.apache.velocity.runtime.directive.Parse
2014-03-07 14:14:36,309 - Loaded System Directive: org.apache.velocity.runtime.directive.Include
2014-03-07 14:14:36,313 - Loaded System Directive: org.apache.velocity.runtime.directive.Foreach
2014-03-07 14:14:36,381 - Created '20' parsers.
2014-03-07 14:14:36,402 - Velocimacro : "velocimacro.library" is not set.  Trying default library: VM_global_library.vm
2014-03-07 14:14:36,402 - Velocimacro : Default library not found.
2014-03-07 14:14:36,402 - Velocimacro : allowInline = true : VMs can be defined inline in templates
2014-03-07 14:14:36,402 - Velocimacro : allowInlineToOverride = false : VMs defined inline may NOT replace previous VM definitions
2014-03-07 14:14:36,402 - Velocimacro : allowInlineLocal = false : VMs defined inline will be global in scope if allowed.
2014-03-07 14:14:36,403 - Velocimacro : autoload off : VM system will not automatically reload global library macros
2014-03-07 14:15:39,414 - Log4JLogChute initialized using file 'velocity.log'
2014-03-07 14:15:39,415 - Initializing Velocity, Calling init()...
2014-03-07 14:15:39,415 - Starting Apache Velocity v1.7 (compiled: 2010-11-19 12:14:37)
2014-03-07 14:15:39,415 - Default Properties File: org/apache/velocity/runtime/defaults/velocity.properties
2014-03-07 14:15:39,415 - Trying to use logger class org.apache.velocity.runtime.log.AvalonLogChute
2014-03-07 14:15:39,415 - Target log system for org.apache.velocity.runtime.log.AvalonLogChute is not available (java.lang.NoClassDefFoundError: org/apache/log/format/Formatter).  Falling back to next log system...
2014-03-07 14:15:39,415 - Trying to use logger class org.apache.velocity.runtime.log.Log4JLogChute
2014-03-07 14:15:39,415 - Using logger class org.apache.velocity.runtime.log.Log4JLogChute
2014-03-07 14:15:39,427 - ResourceLoader instantiated: org.apache.velocity.runtime.resource.loader.FileResourceLoader
2014-03-07 14:15:39,428 - Do unicode file recognition:  false
2014-03-07 14:15:39,428 - FileResourceLoader : adding path '.'
2014-03-07 14:15:39,442 - ResourceCache: initialized (class org.apache.velocity.runtime.resource.ResourceCacheImpl) with class java.util.Collections$SynchronizedMap cache map.
2014-03-07 14:15:39,443 - Loaded System Directive: org.apache.velocity.runtime.directive.Stop
2014-03-07 14:15:39,445 - Loaded System Directive: org.apache.velocity.runtime.directive.Define
2014-03-07 14:15:39,445 - Loaded System Directive: org.apache.velocity.runtime.directive.Break
2014-03-07 14:15:39,446 - Loaded System Directive: org.apache.velocity.runtime.directive.Evaluate
2014-03-07 14:15:39,446 - Loaded System Directive: org.apache.velocity.runtime.directive.Literal
2014-03-07 14:15:39,447 - Loaded System Directive: org.apache.velocity.runtime.directive.Macro
2014-03-07 14:15:39,448 - Loaded System Directive: org.apache.velocity.runtime.directive.Parse
2014-03-07 14:15:39,449 - Loaded System Directive: org.apache.velocity.runtime.directive.Include
2014-03-07 14:15:39,450 - Loaded System Directive: org.apache.velocity.runtime.directive.Foreach
2014-03-07 14:15:39,477 - Created '20' parsers.
2014-03-07 14:15:39,486 - Velocimacro : "velocimacro.library" is not set.  Trying default library: VM_global_library.vm
2014-03-07 14:15:39,486 - Velocimacro : Default library not found.
2014-03-07 14:15:39,486 - Velocimacro : allowInline = true : VMs can be defined inline in templates
2014-03-07 14:15:39,486 - Velocimacro : allowInlineToOverride = false : VMs defined inline may NOT replace previous VM definitions
2014-03-07 14:15:39,486 - Velocimacro : allowInlineLocal = false : VMs defined inline will be global in scope if allowed.
2014-03-07 14:15:39,486 - Velocimacro : autoload off : VM system will not automatically reload global library macros
2014-03-07 14:17:10,385 - Log4JLogChute initialized using file 'velocity.log'
2014-03-07 14:17:10,385 - Initializing Velocity, Calling init()...
2014-03-07 14:17:10,385 - Starting Apache Velocity v1.7 (compiled: 2010-11-19 12:14:37)
2014-03-07 14:17:10,385 - Default Properties File: org/apache/velocity/runtime/defaults/velocity.properties
2014-03-07 14:17:10,385 - Trying to use logger class org.apache.velocity.runtime.log.AvalonLogChute
2014-03-07 14:17:10,385 - Target log system for org.apache.velocity.runtime.log.AvalonLogChute is not available (java.lang.NoClassDefFoundError: org/apache/log/format/Formatter).  Falling back to next log system...
2014-03-07 14:17:10,385 - Trying to use logger class org.apache.velocity.runtime.log.Log4JLogChute
2014-03-07 14:17:10,385 - Using logger class org.apache.velocity.runtime.log.Log4JLogChute
2014-03-07 14:17:10,399 - ResourceLoader instantiated: org.apache.velocity.runtime.resource.loader.FileResourceLoader
2014-03-07 14:17:10,400 - Do unicode file recognition:  false
2014-03-07 14:17:10,400 - FileResourceLoader : adding path '.'
2014-03-07 14:17:10,430 - ResourceCache: initialized (class org.apache.velocity.runtime.resource.ResourceCacheImpl) with class java.util.Collections$SynchronizedMap cache map.
2014-03-07 14:17:10,438 - Loaded System Directive: org.apache.velocity.runtime.directive.Stop
2014-03-07 14:17:10,438 - Loaded System Directive: org.apache.velocity.runtime.directive.Define
2014-03-07 14:17:10,441 - Loaded System Directive: org.apache.velocity.runtime.directive.Break
2014-03-07 14:17:10,441 - Loaded System Directive: org.apache.velocity.runtime.directive.Evaluate
2014-03-07 14:17:10,442 - Loaded System Directive: org.apache.velocity.runtime.directive.Literal
2014-03-07 14:17:10,443 - Loaded System Directive: org.apache.velocity.runtime.directive.Macro
2014-03-07 14:17:10,443 - Loaded System Directive: org.apache.velocity.runtime.directive.Parse
2014-03-07 14:17:10,448 - Loaded System Directive: org.apache.velocity.runtime.directive.Include
2014-03-07 14:17:10,449 - Loaded System Directive: org.apache.velocity.runtime.directive.Foreach
2014-03-07 14:17:10,529 - Created '20' parsers.
2014-03-07 14:17:10,546 - Velocimacro : "velocimacro.library" is not set.  Trying default library: VM_global_library.vm
2014-03-07 14:17:10,547 - Velocimacro : Default library not found.
2014-03-07 14:17:10,547 - Velocimacro : allowInline = true : VMs can be defined inline in templates
2014-03-07 14:17:10,547 - Velocimacro : allowInlineToOverride = false : VMs defined inline may NOT replace previous VM definitions
2014-03-07 14:17:10,547 - Velocimacro : allowInlineLocal = false : VMs defined inline will be global in scope if allowed.
2014-03-07 14:17:10,548 - Velocimacro : autoload off : VM system will not automatically reload global library macros
